<?xml version="1.0" encoding="UTF-8"?>
<testsuite name="com.example.ApiRest.ApiRest.ApiRestApplicationTests" tests="1" skipped="0" failures="0" errors="0" timestamp="2023-09-25T12:01:26" hostname="LAUTI" time="0.65">
  <properties/>
  <testcase name="contextLoads()" classname="com.example.ApiRest.ApiRest.ApiRestApplicationTests" time="0.65"/>
  <system-out><![CDATA[09:01:21.212 [Test worker] INFO org.springframework.test.context.support.AnnotationConfigContextLoaderUtils -- Could not detect default configuration classes for test class [com.example.ApiRest.ApiRest.ApiRestApplicationTests]: ApiRestApplicationTests does not declare any static, non-private, non-final, nested classes annotated with @Configuration.
09:01:21.314 [Test worker] INFO org.springframework.boot.test.context.SpringBootTestContextBootstrapper -- Found @SpringBootConfiguration com.example.ApiRest.ApiRest.ApiRestApplication for test class com.example.ApiRest.ApiRest.ApiRestApplicationTests

  .   ____          _            __ _ _
 /\\ / ___'_ __ _ _(_)_ __  __ _ \ \ \ \
( ( )\___ | '_ | '_| | '_ \/ _` | \ \ \ \
 \\/  ___)| |_)| | | | | || (_| |  ) ) ) )
  '  |____| .__|_| |_|_| |_\__, | / / / /
 =========|_|==============|___/=/_/_/_/
 :: Spring Boot ::                (v3.1.3)

2023-09-25T09:01:21.720-03:00  INFO 1496 --- [    Test worker] c.e.A.ApiRest.ApiRestApplicationTests    : Starting ApiRestApplicationTests using Java 17.0.6 with PID 1496 (started by Lauti in D:\Documentos\TUP\Programacion III\Proyectos\ProyectosProg\Prog3\ApiRest)
2023-09-25T09:01:21.722-03:00  INFO 1496 --- [    Test worker] c.e.A.ApiRest.ApiRestApplicationTests    : No active profile set, falling back to 1 default profile: "default"
2023-09-25T09:01:22.559-03:00  INFO 1496 --- [    Test worker] .s.d.r.c.RepositoryConfigurationDelegate : Bootstrapping Spring Data JPA repositories in DEFAULT mode.
2023-09-25T09:01:22.650-03:00  INFO 1496 --- [    Test worker] .s.d.r.c.RepositoryConfigurationDelegate : Finished Spring Data repository scanning in 80 ms. Found 3 JPA repository interfaces.
2023-09-25T09:01:23.242-03:00  INFO 1496 --- [    Test worker] o.hibernate.jpa.internal.util.LogHelper  : HHH000204: Processing PersistenceUnitInfo [name: default]
2023-09-25T09:01:23.335-03:00  INFO 1496 --- [    Test worker] org.hibernate.Version                    : HHH000412: Hibernate ORM core version 6.2.7.Final
2023-09-25T09:01:23.339-03:00  INFO 1496 --- [    Test worker] org.hibernate.cfg.Environment            : HHH000406: Using bytecode reflection optimizer
2023-09-25T09:01:23.473-03:00  INFO 1496 --- [    Test worker] o.h.e.boot.internal.EnversServiceImpl    : Envers integration enabled? : true
2023-09-25T09:01:23.490-03:00  INFO 1496 --- [    Test worker] o.h.b.i.BytecodeProviderInitiator        : HHH000021: Bytecode provider name : bytebuddy
2023-09-25T09:01:23.647-03:00  INFO 1496 --- [    Test worker] o.s.o.j.p.SpringPersistenceUnitInfo      : No LoadTimeWeaver setup: ignoring JPA class transformer
2023-09-25T09:01:23.663-03:00  INFO 1496 --- [    Test worker] com.zaxxer.hikari.HikariDataSource       : HikariPool-1 - Starting...
2023-09-25T09:01:23.845-03:00  INFO 1496 --- [    Test worker] com.zaxxer.hikari.pool.HikariPool        : HikariPool-1 - Added connection com.mysql.cj.jdbc.ConnectionImpl@a5e8260
2023-09-25T09:01:23.848-03:00  INFO 1496 --- [    Test worker] com.zaxxer.hikari.HikariDataSource       : HikariPool-1 - Start completed.
2023-09-25T09:01:23.873-03:00  WARN 1496 --- [    Test worker] org.hibernate.orm.deprecation            : HHH90000026: MySQL8Dialect has been deprecated; use org.hibernate.dialect.MySQLDialect instead
2023-09-25T09:01:24.177-03:00  INFO 1496 --- [    Test worker] o.h.e.c.i.m.AuditMetadataGenerator       : Adding properties for entity: com.example.ApiRest.ApiRest.entities.Persona
2023-09-25T09:01:24.180-03:00  INFO 1496 --- [    Test worker] o.h.e.c.i.m.AuditMetadataGenerator       : Adding properties for entity: com.example.ApiRest.ApiRest.entities.Autor
2023-09-25T09:01:24.181-03:00  INFO 1496 --- [    Test worker] o.h.e.c.i.m.AuditMetadataGenerator       : Adding properties for entity: com.example.ApiRest.ApiRest.entities.Domicilio
2023-09-25T09:01:24.182-03:00  INFO 1496 --- [    Test worker] o.h.e.c.i.m.AuditMetadataGenerator       : Adding properties for entity: com.example.ApiRest.ApiRest.entities.Localidad
2023-09-25T09:01:24.182-03:00  INFO 1496 --- [    Test worker] o.h.e.c.i.m.AuditMetadataGenerator       : Adding properties for entity: com.example.ApiRest.ApiRest.entities.Libro
2023-09-25T09:01:24.251-03:00  INFO 1496 --- [    Test worker] o.h.b.i.BytecodeProviderInitiator        : HHH000021: Bytecode provider name : bytebuddy
2023-09-25T09:01:24.897-03:00  INFO 1496 --- [    Test worker] o.h.e.t.j.p.i.JtaPlatformInitiator       : HHH000490: Using JtaPlatform implementation: [org.hibernate.engine.transaction.jta.platform.internal.NoJtaPlatform]
Hibernate: alter table revision_info modify column revision_date  datetime(6)
2023-09-25T09:01:25.257-03:00  INFO 1496 --- [    Test worker] j.LocalContainerEntityManagerFactoryBean : Initialized JPA EntityManagerFactory for persistence unit 'default'
2023-09-25T09:01:26.635-03:00  INFO 1496 --- [    Test worker] c.e.A.ApiRest.ApiRestApplicationTests    : Started ApiRestApplicationTests in 5.147 seconds (process running for 6.385)
]]></system-out>
  <system-err><![CDATA[]]></system-err>
</testsuite>
